<?xml version="1.0" encoding="UTF-8"?>
<!-- Generated by org.testng.reporters.JUnitXMLReporter -->
<testsuite hostname="GYAN-LAB-PC11" ignored="0" name="Test" tests="1" failures="1" timestamp="2020-01-29T14:50:38 IST" time="4.567" errors="0">
  <testcase name="launchBrowser" time="4.395" classname="PkgORangeHrm.BaseTest">
    <failure type="org.openqa.selenium.SessionNotCreatedException" message="session not created
from disconnected: Unable to receive message from renderer
  (Session info: chrome=79.0.3945.130)
Build info: version: &amp;apos;3.141.59&amp;apos;, revision: &amp;apos;e82be7d358&amp;apos;, time: &amp;apos;2018-11-14T08:17:03&amp;apos;
System info: host: &amp;apos;GYAN-LAB-PC11&amp;apos;, ip: &amp;apos;172.16.1.11&amp;apos;, os.name: &amp;apos;Windows 7&amp;apos;, os.arch: &amp;apos;x86&amp;apos;, os.version: &amp;apos;6.1&amp;apos;, java.version: &amp;apos;1.8.0_92&amp;apos;
Driver info: driver.version: ChromeDriver
remote stacktrace: Backtrace:
	Ordinal0 [0x00CFA923+1550627]
	Ordinal0 [0x00C7A731+1025841]
	Ordinal0 [0x00BFC715+509717]
	Ordinal0 [0x00BF48B7+477367]
	Ordinal0 [0x00BF401A+475162]
	Ordinal0 [0x00BF4135+475445]
	Ordinal0 [0x00BF3BE5+474085]
	Ordinal0 [0x00BFB475+504949]
	Ordinal0 [0x00BF3B98+474008]
	Ordinal0 [0x00BF454B+476491]
	Ordinal0 [0x00BF401A+475162]
	Ordinal0 [0x00BF4135+475445]
	Ordinal0 [0x00BF3BE5+474085]
	Ordinal0 [0x00BF9DBE+499134]
	Ordinal0 [0x00BF3B98+474008]
	Ordinal0 [0x00BF454B+476491]
	Ordinal0 [0x00BF401A+475162]
	Ordinal0 [0x00BF4135+475445]
	Ordinal0 [0x00BF3BE5+474085]
	Ordinal0 [0x00BF863D+493117]
	Ordinal0 [0x00BF3B98+474008]
	Ordinal0 [0x00BF454B+476491]
	Ordinal0 [0x00BF401A+475162]
	Ordinal0 [0x00BF4135+475445]
	Ordinal0 [0x00BF3BE5+474085]
	Ordinal0 [0x00BF7CF7+490743]
	Ordinal0 [0x00BF3B98+474008]
	Ordinal0 [0x00BF454B+476491]
	Ordinal0 [0x00BF401A+475162]
	Ordinal0 [0x00BF4135+475445]
	Ordinal0 [0x00BF3BE5+474085]
	Ordinal0 [0x00BF07DC+460764]
	Ordinal0 [0x00BF3B98+474008]
	Ordinal0 [0x00BF3A74+473716]
	Ordinal0 [0x00BFD360+512864]
	Ordinal0 [0x00BAB649+177737]
	Ordinal0 [0x00BAA8ED+174317]
	Ordinal0 [0x00BA8CDB+167131]
	Ordinal0 [0x00B9144A+70730]
	Ordinal0 [0x00B924D0+74960]
	Ordinal0 [0x00B92469+74857]
	Ordinal0 [0x00C942F7+1131255]
	GetHandleVerifier [0x00D9711D+523789]
	GetHandleVerifier [0x00D96EB0+523168]
	GetHandleVerifier [0x00D9E207+552695]
	GetHandleVerifier [0x00D9791A+525834]
	Ordinal0 [0x00C8B82C+1095724]
	Ordinal0 [0x00C9636B+1139563]
	Ordinal0 [0x00C964D3+1139923]
	Ordinal0 [0x00C95455+1135701]
	BaseThreadInitThunk [0x760BEF8C+18]
	RtlInitializeExceptionChain [0x7797367A+239]
	RtlInitializeExceptionChain [0x7797364D+194]
">
      <![CDATA[org.openqa.selenium.SessionNotCreatedException: session not created
from disconnected: Unable to receive message from renderer
  (Session info: chrome=79.0.3945.130)
Build info: version: '3.141.59', revision: 'e82be7d358', time: '2018-11-14T08:17:03'
System info: host: 'GYAN-LAB-PC11', ip: '172.16.1.11', os.name: 'Windows 7', os.arch: 'x86', os.version: '6.1', java.version: '1.8.0_92'
Driver info: driver.version: ChromeDriver
remote stacktrace: Backtrace:
Ordinal0 [0x00CFA923+1550627]
Ordinal0 [0x00C7A731+1025841]
Ordinal0 [0x00BFC715+509717]
Ordinal0 [0x00BF48B7+477367]
Ordinal0 [0x00BF401A+475162]
Ordinal0 [0x00BF4135+475445]
Ordinal0 [0x00BF3BE5+474085]
Ordinal0 [0x00BFB475+504949]
Ordinal0 [0x00BF3B98+474008]
Ordinal0 [0x00BF454B+476491]
Ordinal0 [0x00BF401A+475162]
Ordinal0 [0x00BF4135+475445]
Ordinal0 [0x00BF3BE5+474085]
Ordinal0 [0x00BF9DBE+499134]
Ordinal0 [0x00BF3B98+474008]
Ordinal0 [0x00BF454B+476491]
Ordinal0 [0x00BF401A+475162]
Ordinal0 [0x00BF4135+475445]
Ordinal0 [0x00BF3BE5+474085]
Ordinal0 [0x00BF863D+493117]
Ordinal0 [0x00BF3B98+474008]
Ordinal0 [0x00BF454B+476491]
Ordinal0 [0x00BF401A+475162]
Ordinal0 [0x00BF4135+475445]
Ordinal0 [0x00BF3BE5+474085]
Ordinal0 [0x00BF7CF7+490743]
Ordinal0 [0x00BF3B98+474008]
Ordinal0 [0x00BF454B+476491]
Ordinal0 [0x00BF401A+475162]
Ordinal0 [0x00BF4135+475445]
Ordinal0 [0x00BF3BE5+474085]
Ordinal0 [0x00BF07DC+460764]
Ordinal0 [0x00BF3B98+474008]
Ordinal0 [0x00BF3A74+473716]
Ordinal0 [0x00BFD360+512864]
Ordinal0 [0x00BAB649+177737]
Ordinal0 [0x00BAA8ED+174317]
Ordinal0 [0x00BA8CDB+167131]
Ordinal0 [0x00B9144A+70730]
Ordinal0 [0x00B924D0+74960]
Ordinal0 [0x00B92469+74857]
Ordinal0 [0x00C942F7+1131255]
GetHandleVerifier [0x00D9711D+523789]
GetHandleVerifier [0x00D96EB0+523168]
GetHandleVerifier [0x00D9E207+552695]
GetHandleVerifier [0x00D9791A+525834]
Ordinal0 [0x00C8B82C+1095724]
Ordinal0 [0x00C9636B+1139563]
Ordinal0 [0x00C964D3+1139923]
Ordinal0 [0x00C95455+1135701]
BaseThreadInitThunk [0x760BEF8C+18]
RtlInitializeExceptionChain [0x7797367A+239]
RtlInitializeExceptionChain [0x7797364D+194]

at org.openqa.selenium.remote.W3CHandshakeResponse.lambda$errorHandler$0(W3CHandshakeResponse.java:62)
at org.openqa.selenium.remote.HandshakeResponse.lambda$getResponseFunction$0(HandshakeResponse.java:30)
at org.openqa.selenium.remote.ProtocolHandshake.lambda$createSession$0(ProtocolHandshake.java:126)
at java.util.stream.ReferencePipeline$3$1.accept(ReferencePipeline.java:193)
at java.util.Spliterators$ArraySpliterator.tryAdvance(Spliterators.java:958)
at java.util.stream.ReferencePipeline.forEachWithCancel(ReferencePipeline.java:126)
at java.util.stream.AbstractPipeline.copyIntoWithCancel(AbstractPipeline.java:498)
at java.util.stream.AbstractPipeline.copyInto(AbstractPipeline.java:485)
at java.util.stream.AbstractPipeline.wrapAndCopyInto(AbstractPipeline.java:471)
at java.util.stream.FindOps$FindOp.evaluateSequential(FindOps.java:152)
at java.util.stream.AbstractPipeline.evaluate(AbstractPipeline.java:234)
at java.util.stream.ReferencePipeline.findFirst(ReferencePipeline.java:464)
at org.openqa.selenium.remote.ProtocolHandshake.createSession(ProtocolHandshake.java:128)
at org.openqa.selenium.remote.ProtocolHandshake.createSession(ProtocolHandshake.java:74)
at org.openqa.selenium.remote.HttpCommandExecutor.execute(HttpCommandExecutor.java:136)
at org.openqa.selenium.remote.service.DriverCommandExecutor.execute(DriverCommandExecutor.java:83)
at org.openqa.selenium.remote.RemoteWebDriver.execute(RemoteWebDriver.java:552)
at org.openqa.selenium.remote.RemoteWebDriver.startSession(RemoteWebDriver.java:213)
at org.openqa.selenium.remote.RemoteWebDriver.<init>(RemoteWebDriver.java:131)
at org.openqa.selenium.chrome.ChromeDriver.<init>(ChromeDriver.java:181)
at org.openqa.selenium.chrome.ChromeDriver.<init>(ChromeDriver.java:168)
at org.openqa.selenium.chrome.ChromeDriver.<init>(ChromeDriver.java:123)
at PkgORangeHrm.BaseTest.launchBrowser(BaseTest.java:21)
at java.util.ArrayList.forEach(ArrayList.java:1249)
... Removed 31 stack frames]]>
    </failure>
  </testcase> <!-- launchBrowser -->
</testsuite> <!-- Test -->
