<?xml version="1.0" encoding="UTF-8"?>
<testng-results skipped="0" failed="1" ignored="0" total="1" passed="0">
  <reporter-output>
  </reporter-output>
  <suite name="Suite" duration-ms="4567" started-at="2020-01-29T14:50:33 IST" finished-at="2020-01-29T14:50:38 IST">
    <groups>
    </groups>
    <test name="Test" duration-ms="4567" started-at="2020-01-29T14:50:33 IST" finished-at="2020-01-29T14:50:38 IST">
      <class name="PkgORangeHrm.BaseTest">
        <test-method status="FAIL" signature="launchBrowser()[pri:0, instance:PkgORangeHrm.BaseTest@136e637]" name="launchBrowser" duration-ms="4395" started-at="2020-01-29T14:50:33 IST" finished-at="2020-01-29T14:50:38 IST">
          <exception class="org.openqa.selenium.SessionNotCreatedException">
            <message>
              <![CDATA[session not created
from disconnected: Unable to receive message from renderer
  (Session info: chrome=79.0.3945.130)
Build info: version: '3.141.59', revision: 'e82be7d358', time: '2018-11-14T08:17:03'
System info: host: 'GYAN-LAB-PC11', ip: '172.16.1.11', os.name: 'Windows 7', os.arch: 'x86', os.version: '6.1', java.version: '1.8.0_92'
Driver info: driver.version: ChromeDriver
remote stacktrace: Backtrace:
Ordinal0 [0x00CFA923+1550627]
Ordinal0 [0x00C7A731+1025841]
Ordinal0 [0x00BFC715+509717]
Ordinal0 [0x00BF48B7+477367]
Ordinal0 [0x00BF401A+475162]
Ordinal0 [0x00BF4135+475445]
Ordinal0 [0x00BF3BE5+474085]
Ordinal0 [0x00BFB475+504949]
Ordinal0 [0x00BF3B98+474008]
Ordinal0 [0x00BF454B+476491]
Ordinal0 [0x00BF401A+475162]
Ordinal0 [0x00BF4135+475445]
Ordinal0 [0x00BF3BE5+474085]
Ordinal0 [0x00BF9DBE+499134]
Ordinal0 [0x00BF3B98+474008]
Ordinal0 [0x00BF454B+476491]
Ordinal0 [0x00BF401A+475162]
Ordinal0 [0x00BF4135+475445]
Ordinal0 [0x00BF3BE5+474085]
Ordinal0 [0x00BF863D+493117]
Ordinal0 [0x00BF3B98+474008]
Ordinal0 [0x00BF454B+476491]
Ordinal0 [0x00BF401A+475162]
Ordinal0 [0x00BF4135+475445]
Ordinal0 [0x00BF3BE5+474085]
Ordinal0 [0x00BF7CF7+490743]
Ordinal0 [0x00BF3B98+474008]
Ordinal0 [0x00BF454B+476491]
Ordinal0 [0x00BF401A+475162]
Ordinal0 [0x00BF4135+475445]
Ordinal0 [0x00BF3BE5+474085]
Ordinal0 [0x00BF07DC+460764]
Ordinal0 [0x00BF3B98+474008]
Ordinal0 [0x00BF3A74+473716]
Ordinal0 [0x00BFD360+512864]
Ordinal0 [0x00BAB649+177737]
Ordinal0 [0x00BAA8ED+174317]
Ordinal0 [0x00BA8CDB+167131]
Ordinal0 [0x00B9144A+70730]
Ordinal0 [0x00B924D0+74960]
Ordinal0 [0x00B92469+74857]
Ordinal0 [0x00C942F7+1131255]
GetHandleVerifier [0x00D9711D+523789]
GetHandleVerifier [0x00D96EB0+523168]
GetHandleVerifier [0x00D9E207+552695]
GetHandleVerifier [0x00D9791A+525834]
Ordinal0 [0x00C8B82C+1095724]
Ordinal0 [0x00C9636B+1139563]
Ordinal0 [0x00C964D3+1139923]
Ordinal0 [0x00C95455+1135701]
BaseThreadInitThunk [0x760BEF8C+18]
RtlInitializeExceptionChain [0x7797367A+239]
RtlInitializeExceptionChain [0x7797364D+194]
]]>
            </message>
            <full-stacktrace>
              <![CDATA[org.openqa.selenium.SessionNotCreatedException: session not created
from disconnected: Unable to receive message from renderer
  (Session info: chrome=79.0.3945.130)
Build info: version: '3.141.59', revision: 'e82be7d358', time: '2018-11-14T08:17:03'
System info: host: 'GYAN-LAB-PC11', ip: '172.16.1.11', os.name: 'Windows 7', os.arch: 'x86', os.version: '6.1', java.version: '1.8.0_92'
Driver info: driver.version: ChromeDriver
remote stacktrace: Backtrace:
Ordinal0 [0x00CFA923+1550627]
Ordinal0 [0x00C7A731+1025841]
Ordinal0 [0x00BFC715+509717]
Ordinal0 [0x00BF48B7+477367]
Ordinal0 [0x00BF401A+475162]
Ordinal0 [0x00BF4135+475445]
Ordinal0 [0x00BF3BE5+474085]
Ordinal0 [0x00BFB475+504949]
Ordinal0 [0x00BF3B98+474008]
Ordinal0 [0x00BF454B+476491]
Ordinal0 [0x00BF401A+475162]
Ordinal0 [0x00BF4135+475445]
Ordinal0 [0x00BF3BE5+474085]
Ordinal0 [0x00BF9DBE+499134]
Ordinal0 [0x00BF3B98+474008]
Ordinal0 [0x00BF454B+476491]
Ordinal0 [0x00BF401A+475162]
Ordinal0 [0x00BF4135+475445]
Ordinal0 [0x00BF3BE5+474085]
Ordinal0 [0x00BF863D+493117]
Ordinal0 [0x00BF3B98+474008]
Ordinal0 [0x00BF454B+476491]
Ordinal0 [0x00BF401A+475162]
Ordinal0 [0x00BF4135+475445]
Ordinal0 [0x00BF3BE5+474085]
Ordinal0 [0x00BF7CF7+490743]
Ordinal0 [0x00BF3B98+474008]
Ordinal0 [0x00BF454B+476491]
Ordinal0 [0x00BF401A+475162]
Ordinal0 [0x00BF4135+475445]
Ordinal0 [0x00BF3BE5+474085]
Ordinal0 [0x00BF07DC+460764]
Ordinal0 [0x00BF3B98+474008]
Ordinal0 [0x00BF3A74+473716]
Ordinal0 [0x00BFD360+512864]
Ordinal0 [0x00BAB649+177737]
Ordinal0 [0x00BAA8ED+174317]
Ordinal0 [0x00BA8CDB+167131]
Ordinal0 [0x00B9144A+70730]
Ordinal0 [0x00B924D0+74960]
Ordinal0 [0x00B92469+74857]
Ordinal0 [0x00C942F7+1131255]
GetHandleVerifier [0x00D9711D+523789]
GetHandleVerifier [0x00D96EB0+523168]
GetHandleVerifier [0x00D9E207+552695]
GetHandleVerifier [0x00D9791A+525834]
Ordinal0 [0x00C8B82C+1095724]
Ordinal0 [0x00C9636B+1139563]
Ordinal0 [0x00C964D3+1139923]
Ordinal0 [0x00C95455+1135701]
BaseThreadInitThunk [0x760BEF8C+18]
RtlInitializeExceptionChain [0x7797367A+239]
RtlInitializeExceptionChain [0x7797364D+194]

at sun.reflect.NativeConstructorAccessorImpl.newInstance0(Native Method)
at sun.reflect.NativeConstructorAccessorImpl.newInstance(NativeConstructorAccessorImpl.java:62)
at sun.reflect.DelegatingConstructorAccessorImpl.newInstance(DelegatingConstructorAccessorImpl.java:45)
at java.lang.reflect.Constructor.newInstance(Constructor.java:423)
at org.openqa.selenium.remote.W3CHandshakeResponse.lambda$errorHandler$0(W3CHandshakeResponse.java:62)
at org.openqa.selenium.remote.HandshakeResponse.lambda$getResponseFunction$0(HandshakeResponse.java:30)
at org.openqa.selenium.remote.ProtocolHandshake.lambda$createSession$0(ProtocolHandshake.java:126)
at java.util.stream.ReferencePipeline$3$1.accept(ReferencePipeline.java:193)
at java.util.Spliterators$ArraySpliterator.tryAdvance(Spliterators.java:958)
at java.util.stream.ReferencePipeline.forEachWithCancel(ReferencePipeline.java:126)
at java.util.stream.AbstractPipeline.copyIntoWithCancel(AbstractPipeline.java:498)
at java.util.stream.AbstractPipeline.copyInto(AbstractPipeline.java:485)
at java.util.stream.AbstractPipeline.wrapAndCopyInto(AbstractPipeline.java:471)
at java.util.stream.FindOps$FindOp.evaluateSequential(FindOps.java:152)
at java.util.stream.AbstractPipeline.evaluate(AbstractPipeline.java:234)
at java.util.stream.ReferencePipeline.findFirst(ReferencePipeline.java:464)
at org.openqa.selenium.remote.ProtocolHandshake.createSession(ProtocolHandshake.java:128)
at org.openqa.selenium.remote.ProtocolHandshake.createSession(ProtocolHandshake.java:74)
at org.openqa.selenium.remote.HttpCommandExecutor.execute(HttpCommandExecutor.java:136)
at org.openqa.selenium.remote.service.DriverCommandExecutor.execute(DriverCommandExecutor.java:83)
at org.openqa.selenium.remote.RemoteWebDriver.execute(RemoteWebDriver.java:552)
at org.openqa.selenium.remote.RemoteWebDriver.startSession(RemoteWebDriver.java:213)
at org.openqa.selenium.remote.RemoteWebDriver.<init>(RemoteWebDriver.java:131)
at org.openqa.selenium.chrome.ChromeDriver.<init>(ChromeDriver.java:181)
at org.openqa.selenium.chrome.ChromeDriver.<init>(ChromeDriver.java:168)
at org.openqa.selenium.chrome.ChromeDriver.<init>(ChromeDriver.java:123)
at PkgORangeHrm.BaseTest.launchBrowser(BaseTest.java:21)
at sun.reflect.NativeMethodAccessorImpl.invoke0(Native Method)
at sun.reflect.NativeMethodAccessorImpl.invoke(NativeMethodAccessorImpl.java:62)
at sun.reflect.DelegatingMethodAccessorImpl.invoke(DelegatingMethodAccessorImpl.java:43)
at java.lang.reflect.Method.invoke(Method.java:498)
at org.testng.internal.MethodInvocationHelper.invokeMethod(MethodInvocationHelper.java:133)
at org.testng.internal.TestInvoker.invokeMethod(TestInvoker.java:584)
at org.testng.internal.TestInvoker.invokeTestMethod(TestInvoker.java:172)
at org.testng.internal.MethodRunner.runInSequence(MethodRunner.java:46)
at org.testng.internal.TestInvoker$MethodInvocationAgent.invoke(TestInvoker.java:804)
at org.testng.internal.TestInvoker.invokeTestMethods(TestInvoker.java:145)
at org.testng.internal.TestMethodWorker.invokeTestMethods(TestMethodWorker.java:146)
at org.testng.internal.TestMethodWorker.run(TestMethodWorker.java:128)
at java.util.ArrayList.forEach(ArrayList.java:1249)
at org.testng.TestRunner.privateRun(TestRunner.java:770)
at org.testng.TestRunner.run(TestRunner.java:591)
at org.testng.SuiteRunner.runTest(SuiteRunner.java:402)
at org.testng.SuiteRunner.runSequentially(SuiteRunner.java:396)
at org.testng.SuiteRunner.privateRun(SuiteRunner.java:355)
at org.testng.SuiteRunner.run(SuiteRunner.java:304)
at org.testng.SuiteRunnerWorker.runSuite(SuiteRunnerWorker.java:53)
at org.testng.SuiteRunnerWorker.run(SuiteRunnerWorker.java:96)
at org.testng.TestNG.runSuitesSequentially(TestNG.java:1180)
at org.testng.TestNG.runSuitesLocally(TestNG.java:1102)
at org.testng.TestNG.runSuites(TestNG.java:1032)
at org.testng.TestNG.run(TestNG.java:1000)
at org.testng.remote.AbstractRemoteTestNG.run(AbstractRemoteTestNG.java:115)
at org.testng.remote.RemoteTestNG.initAndRun(RemoteTestNG.java:251)
at org.testng.remote.RemoteTestNG.main(RemoteTestNG.java:77)
]]>
            </full-stacktrace>
          </exception> <!-- org.openqa.selenium.SessionNotCreatedException -->
          <reporter-output>
          </reporter-output>
        </test-method> <!-- launchBrowser -->
      </class> <!-- PkgORangeHrm.BaseTest -->
    </test> <!-- Test -->
  </suite> <!-- Suite -->
</testng-results>
